# JRE version: OpenJDK Runtime Environment (8.0_112-b06) (build 1.8.0_112-release-b06)
# Java VM: OpenJDK 64-Bit Server VM (25.112-b06 mixed mode windows-amd64 compressed oops)
Heap:
 PSYoungGen      total 262144K, used 142434K [0x00000000e0000000, 0x00000000f5f80000, 0x0000000100000000)
  eden space 248832K, 51% used [0x00000000e0000000,0x00000000e7e549b8,0x00000000ef300000)
  from space 13312K, 98% used [0x00000000f3880000,0x00000000f4544050,0x00000000f4580000)
  to   space 23552K, 0% used [0x00000000f4880000,0x00000000f4880000,0x00000000f5f80000)
 ParOldGen       total 210944K, used 42845K [0x00000000a0000000, 0x00000000ace00000, 0x00000000e0000000)
  object space 210944K, 20% used [0x00000000a0000000,0x00000000a29d7630,0x00000000ace00000)
 Metaspace       used 68653K, capacity 72712K, committed 72920K, reserved 1112064K
  class space    used 8990K, capacity 9681K, committed 9728K, reserved 1048576K
GC Heap History (10 events):
Event: 134.703 GC heap before
{Heap before GC invocations=14 (full 3):
 PSYoungGen      total 231424K, used 17089K [0x00000000e0000000, 0x00000000f3680000, 0x0000000100000000)
  eden space 204800K, 0% used [0x00000000e0000000,0x00000000e0000000,0x00000000ec800000)
  from space 26624K, 64% used [0x00000000ec800000,0x00000000ed8b06f8,0x00000000ee200000)
  to   space 26624K, 0% used [0x00000000f1c80000,0x00000000f1c80000,0x00000000f3680000)
 ParOldGen       total 145408K, used 40401K [0x00000000a0000000, 0x00000000a8e00000, 0x00000000e0000000)
  object space 145408K, 27% used [0x00000000a0000000,0x00000000a2774698,0x00000000a8e00000)
 Metaspace       used 56551K, capacity 58958K, committed 59096K, reserved 1099776K
  class space    used 7636K, capacity 8112K, committed 8192K, reserved 1048576K
Event: 134.886 GC heap after
Heap after GC invocations=14 (full 3):
 PSYoungGen      total 231424K, used 0K [0x00000000e0000000, 0x00000000f3680000, 0x0000000100000000)
  eden space 204800K, 0% used [0x00000000e0000000,0x00000000e0000000,0x00000000ec800000)
  from space 26624K, 0% used [0x00000000ec800000,0x00000000ec800000,0x00000000ee200000)
  to   space 26624K, 0% used [0x00000000f1c80000,0x00000000f1c80000,0x00000000f3680000)
 ParOldGen       total 210944K, used 42813K [0x00000000a0000000, 0x00000000ace00000, 0x00000000e0000000)
  object space 210944K, 20% used [0x00000000a0000000,0x00000000a29cf630,0x00000000ace00000)
 Metaspace       used 56551K, capacity 58958K, committed 59096K, reserved 1099776K
  class space    used 7636K, capacity 8112K, committed 8192K, reserved 1048576K
}
Event: 669.892 GC heap before
{Heap before GC invocations=15 (full 3):
 PSYoungGen      total 231424K, used 204800K [0x00000000e0000000, 0x00000000f3680000, 0x0000000100000000)
  eden space 204800K, 100% used [0x00000000e0000000,0x00000000ec800000,0x00000000ec800000)
  from space 26624K, 0% used [0x00000000ec800000,0x00000000ec800000,0x00000000ee200000)
  to   space 26624K, 0% used [0x00000000f1c80000,0x00000000f1c80000,0x00000000f3680000)
 ParOldGen       total 210944K, used 42813K [0x00000000a0000000, 0x00000000ace00000, 0x00000000e0000000)
  object space 210944K, 20% used [0x00000000a0000000,0x00000000a29cf630,0x00000000ace00000)
 Metaspace       used 57627K, capacity 60334K, committed 60504K, reserved 1101824K
  class space    used 7711K, capacity 8235K, committed 8320K, reserved 1048576K
Event: 669.899 GC heap after
Heap after GC invocations=15 (full 3):
 PSYoungGen      total 291328K, used 8016K [0x00000000e0000000, 0x00000000f3900000, 0x0000000100000000)
  eden space 264704K, 0% used [0x00000000e0000000,0x00000000e0000000,0x00000000f0280000)
  from space 26624K, 30% used [0x00000000f1c80000,0x00000000f2454050,0x00000000f3680000)
  to   space 26624K, 0% used [0x00000000f0280000,0x00000000f0280000,0x00000000f1c80000)
 ParOldGen       total 210944K, used 42821K [0x00000000a0000000, 0x00000000ace00000, 0x00000000e0000000)
  object space 210944K, 20% used [0x00000000a0000000,0x00000000a29d1630,0x00000000ace00000)
 Metaspace       used 57627K, capacity 60334K, committed 60504K, reserved 1101824K
  class space    used 7711K, capacity 8235K, committed 8320K, reserved 1048576K
}
Event: 728.637 GC heap before
{Heap before GC invocations=16 (full 3):
 PSYoungGen      total 291328K, used 272720K [0x00000000e0000000, 0x00000000f3900000, 0x0000000100000000)
  eden space 264704K, 100% used [0x00000000e0000000,0x00000000f0280000,0x00000000f0280000)
  from space 26624K, 30% used [0x00000000f1c80000,0x00000000f2454050,0x00000000f3680000)
  to   space 26624K, 0% used [0x00000000f0280000,0x00000000f0280000,0x00000000f1c80000)
 ParOldGen       total 210944K, used 42821K [0x00000000a0000000, 0x00000000ace00000, 0x00000000e0000000)
  object space 210944K, 20% used [0x00000000a0000000,0x00000000a29d1630,0x00000000ace00000)
 Metaspace       used 60398K, capacity 63432K, committed 63576K, reserved 1103872K
  class space    used 8010K, capacity 8550K, committed 8576K, reserved 1048576K
Event: 728.653 GC heap after
Heap after GC invocations=16 (full 3):
 PSYoungGen      total 291328K, used 13107K [0x00000000e0000000, 0x00000000f7780000, 0x0000000100000000)
  eden space 264704K, 0% used [0x00000000e0000000,0x00000000e0000000,0x00000000f0280000)
  from space 26624K, 49% used [0x00000000f0280000,0x00000000f0f4cf80,0x00000000f1c80000)
  to   space 25088K, 0% used [0x00000000f5f00000,0x00000000f5f00000,0x00000000f7780000)
 ParOldGen       total 210944K, used 42829K [0x00000000a0000000, 0x00000000ace00000, 0x00000000e0000000)
  object space 210944K, 20% used [0x00000000a0000000,0x00000000a29d3630,0x00000000ace00000)
 Metaspace       used 60398K, capacity 63432K, committed 63576K, reserved 1103872K
  class space    used 8010K, capacity 8550K, committed 8576K, reserved 1048576K
}
Event: 9501.363 GC heap before
{Heap before GC invocations=17 (full 3):
 PSYoungGen      total 291328K, used 277811K [0x00000000e0000000, 0x00000000f7780000, 0x0000000100000000)
  eden space 264704K, 100% used [0x00000000e0000000,0x00000000f0280000,0x00000000f0280000)
  from space 26624K, 49% used [0x00000000f0280000,0x00000000f0f4cf80,0x00000000f1c80000)
  to   space 25088K, 0% used [0x00000000f5f00000,0x00000000f5f00000,0x00000000f7780000)
 ParOldGen       total 210944K, used 42829K [0x00000000a0000000, 0x00000000ace00000, 0x00000000e0000000)
  object space 210944K, 20% used [0x00000000a0000000,0x00000000a29d3630,0x00000000ace00000)
 Metaspace       used 61135K, capacity 64816K, committed 65112K, reserved 1105920K
  class space    used 8113K, capacity 8767K, committed 8832K, reserved 1048576K
Event: 9501.382 GC heap after
Heap after GC invocations=17 (full 3):
 PSYoungGen      total 266240K, used 9488K [0x00000000e0000000, 0x00000000f6880000, 0x0000000100000000)
  eden space 256512K, 0% used [0x00000000e0000000,0x00000000e0000000,0x00000000efa80000)
  from space 9728K, 97% used [0x00000000f5f00000,0x00000000f6844030,0x00000000f6880000)
  to   space 24576K, 0% used [0x00000000f3880000,0x00000000f3880000,0x00000000f5080000)
 ParOldGen       total 210944K, used 42837K [0x00000000a0000000, 0x00000000ace00000, 0x00000000e0000000)
  object space 210944K, 20% used [0x00000000a0000000,0x00000000a29d5630,0x00000000ace00000)
 Metaspace       used 61135K, capacity 64816K, committed 65112K, reserved 1105920K
  class space    used 8113K, capacity 8767K, committed 8832K, reserved 1048576K
}
Event: 11932.829 GC heap before
{Heap before GC invocations=18 (full 3):
 PSYoungGen      total 266240K, used 266000K [0x00000000e0000000, 0x00000000f6880000, 0x0000000100000000)
  eden space 256512K, 100% used [0x00000000e0000000,0x00000000efa80000,0x00000000efa80000)
  from space 9728K, 97% used [0x00000000f5f00000,0x00000000f6844030,0x00000000f6880000)
  to   space 24576K, 0% used [0x00000000f3880000,0x00000000f3880000,0x00000000f5080000)
 ParOldGen       total 210944K, used 42837K [0x00000000a0000000, 0x00000000ace00000, 0x00000000e0000000)
  object space 210944K, 20% used [0x00000000a0000000,0x00000000a29d5630,0x00000000ace00000)
 Metaspace       used 61984K, capacity 66016K, committed 66264K, reserved 1105920K
  class space    used 8226K, capacity 8911K, committed 8960K, reserved 1048576K
Event: 11932.851 GC heap after
Heap after GC invocations=18 (full 3):
 PSYoungGen      total 262144K, used 13072K [0x00000000e0000000, 0x00000000f5f80000, 0x0000000100000000)
  eden space 248832K, 0% used [0x00000000e0000000,0x00000000e0000000,0x00000000ef300000)
  from space 13312K, 98% used [0x00000000f3880000,0x00000000f4544050,0x00000000f4580000)
  to   space 23552K, 0% used [0x00000000f4880000,0x00000000f4880000,0x00000000f5f80000)
 ParOldGen       total 210944K, used 42845K [0x00000000a0000000, 0x00000000ace00000, 0x00000000e0000000)
  object space 210944K, 20% used [0x00000000a0000000,0x00000000a29d7630,0x00000000ace00000)
 Metaspace       used 61984K, capacity 66016K, committed 66264K, reserved 1105920K
  class space    used 8226K, capacity 8911K, committed 8960K, reserved 1048576K
}

